# 2014-03-11 22:59:10:228 [HEAD] ("cities")
#
curl -I "http://localhost:9200/cities"

# 2014-03-11 22:59:10:228 [200]

# 2014-03-11 22:59:29:655 [HEAD] ("cities")
#
curl -I "http://localhost:9200/cities"

# 2014-03-11 22:59:29:656 [200]

# 2014-03-11 22:59:29:752 [_search] (["cities"])
#
curl -X GET 'http://localhost:9200/cities/city/_search?size=10&pretty' -d '{"query":{"match_all":{}},"sort":[{"distance":"asc"}],"filter":{"geo_distance":{"distance":"2000m","location":["36.8177","24.5962"]}},"size":10}'

# 2014-03-11 22:59:29:753 [400] (N/A msec)

# 2014-03-11 23:00:14:164 [HEAD] ("cities")
#
curl -I "http://localhost:9200/cities"

# 2014-03-11 23:00:14:164 [200]

# 2014-03-11 23:00:14:262 [_search] (["cities"])
#
curl -X GET 'http://localhost:9200/cities/city/_search?size=10&pretty' -d '{"query":{"match_all":{}},"filter":{"geo_distance":{"distance":"2000m","location":["36.8177","24.5962"]}},"size":10}'

# 2014-03-11 23:00:14:263 [400] (N/A msec)

# 2014-03-11 23:00:46:044 [HEAD] ("cities")
#
curl -I "http://localhost:9200/cities"

# 2014-03-11 23:00:46:044 [200]

# 2014-03-11 23:00:46:184 [_search] (["cities"])
#
curl -X GET 'http://localhost:9200/cities/city/_search?size=10&pretty' -d '{"query":{"match_all":{}},"filter":{"geo_distance":{"distance":"2000m","location":[36.8177,24.5962]}},"size":10}'

# 2014-03-11 23:00:46:184 [200] (6 msec)

# 2014-03-11 23:03:52:981 [HEAD] ("cities")
#
curl -I "http://localhost:9200/cities"

# 2014-03-11 23:03:52:981 [200]

# 2014-03-11 23:03:53:076 [_search] (["cities"])
#
curl -X GET 'http://localhost:9200/cities/city/_search?size=10&pretty' -d '{"query":{"match_all":{}},"filter":{"geo_distance":{"distance":"2000m","location":[36.8177,24.5962]}},"size":10}'

# 2014-03-11 23:03:53:076 [200] (1 msec)

# 2014-03-11 23:05:04:616 [HEAD] ("cities")
#
curl -I "http://localhost:9200/cities"

# 2014-03-11 23:05:04:616 [200]

# 2014-03-11 23:05:04:754 [_search] (["cities"])
#
curl -X GET 'http://localhost:9200/cities/city/_search?size=10&pretty' -d '{"query":{"match_all":{}},"filter":{"geo_distance":{"distance":"2000m","location":[36.8177,24.5962]}},"size":10}'

# 2014-03-11 23:05:04:754 [200] (1 msec)

# 2014-03-11 23:05:43:151 [HEAD] ("cities")
#
curl -I "http://localhost:9200/cities"

# 2014-03-11 23:05:43:151 [200]

# 2014-03-11 23:05:43:247 [_search] (["cities"])
#
curl -X GET 'http://localhost:9200/cities/city/_search?size=10&pretty' -d '{"query":{"match_all":{}},"filter":{"geo_distance":{"distance":"2000m","location":[36.8177,24.5962]}},"size":10}'

# 2014-03-11 23:05:43:247 [200] (1 msec)

# 2014-03-11 23:07:55:489 [HEAD] ("cities")
#
curl -I "http://localhost:9200/cities"

# 2014-03-11 23:07:55:489 [200]

# 2014-03-11 23:07:55:500 [_search] (["cities"])
#
curl -X GET 'http://localhost:9200/cities/city/_search?size=10&pretty' -d '{"query":{"match_all":{}},"filter":{"geo_distance":{"distance":"2000m","location":[36.8177,24.5962]}},"size":10}'

# 2014-03-11 23:07:55:500 [200] (1 msec)

# 2014-03-11 23:17:33:772 [HEAD] ("cities")
#
curl -I "http://localhost:9200/cities"

# 2014-03-11 23:17:33:772 [200]

# 2014-03-11 23:17:33:870 [_search] (["cities"])
#
curl -X GET 'http://localhost:9200/cities/city/_search?size=10&pretty' -d '{"query":{"match_all":{}},"filter":{"geo_distance":{"distance":"2000m","location":[36.8177,24.5962]}},"size":10}'

# 2014-03-11 23:17:33:870 [200] (1 msec)

# 2014-03-11 23:18:09:093 [_search] (["cities"])
#
curl -X GET 'http://localhost:9200/cities/city/_search?size=10&pretty' -d '{"query":{"match_all":{}},"filter":{"geo_distance":{"distance":"2000m","location":[36.8177,24.5962]}},"size":10}'

# 2014-03-11 23:18:09:093 [200] (1 msec)

# 2014-03-11 23:31:27:695 [HEAD] ("cities")
#
curl -I "http://localhost:9200/cities"

# 2014-03-11 23:31:27:695 [200]

# 2014-03-25 21:25:24:516 [HEAD] ("cities")
#
curl -I "http://localhost:9200/cities"

# 2014-03-25 21:25:24:516 [200]

# 2014-03-25 21:25:24:879 [_search] (["cities"])
#
curl -X GET 'http://localhost:9200/cities/city/_search?size=10&pretty' -d '{"query":{"match_all":{}},"filter":{"geo_distance":{"distance":"2000m","location":[36.8177,24.5962]}},"size":10}'

# 2014-03-25 21:25:24:880 [200] (203 msec)

# 2014-03-25 21:26:31:337 [_search] (["cities"])
#
curl -X GET 'http://localhost:9200/cities/city/_search?size=10&pretty' -d '{"query":{"match_all":{}},"filter":{"geo_distance":{"distance":"2000m","location":[36.8177,24.5962]}},"size":10}'

# 2014-03-25 21:26:31:337 [200] (19 msec)

# 2014-03-26 20:12:51:647 [HEAD] ("cities")
#
curl -I "http://localhost:9200/cities"

# 2014-03-26 20:12:51:647 [200]

# 2014-03-26 20:12:52:009 [_search] (["cities"])
#
curl -X GET 'http://localhost:9200/cities/city/_search?size=10&pretty' -d '{"query":{"match_all":{}},"filter":{"geo_distance":{"distance":"2000m","location":[36.8177,24.5962]}},"size":10}'

# 2014-03-26 20:12:52:010 [200] (203 msec)

# 2014-03-26 21:44:48:450 [_search] (["cities"])
#
curl -X GET 'http://localhost:9200/cities/city/_search?size=10&pretty' -d '{"query":{"match_all":{}},"filter":{"geo_distance":{"distance":"2000m","location":[0.0,0.0]}},"size":10}'

# 2014-03-26 21:44:48:450 [200] (13 msec)

# 2014-03-26 21:50:38:024 [_search] (["cities"])
#
curl -X GET 'http://localhost:9200/cities/city/_search?size=10&pretty' -d '{"query":{"match_all":{}},"filter":{"geo_distance":{"distance":"2000m","location":[0.0,0.0]}},"size":10}'

# 2014-03-26 21:50:38:024 [200] (8 msec)

# 2014-03-26 21:59:30:280 [_search] (["cities"])
#
curl -X GET 'http://localhost:9200/cities/city/_search?size=10&pretty' -d '{"query":{"match_all":{}},"filter":{"geo_distance":{"distance":"2000m","location":[37.96034,23.71123]}},"size":10}'

# 2014-03-26 21:59:30:280 [200] (13 msec)

# 2014-03-26 21:59:33:867 [_search] (["cities"])
#
curl -X GET 'http://localhost:9200/cities/city/_search?size=10&pretty' -d '{"query":{"match_all":{}},"filter":{"geo_distance":{"distance":"2000m","location":[37.96034,23.71123]}},"size":10}'

# 2014-03-26 21:59:33:867 [200] (2 msec)

# 2014-03-26 22:00:11:247 [_search] (["cities"])
#
curl -X GET 'http://localhost:9200/cities/city/_search?size=10&pretty' -d '{"query":{"match_all":{}},"filter":{"geo_distance":{"distance":"2000m","location":[37.96033,23.71122]}},"size":10}'

# 2014-03-26 22:00:11:247 [200] (1 msec)

# 2014-03-26 22:00:12:105 [_search] (["cities"])
#
curl -X GET 'http://localhost:9200/cities/city/_search?size=10&pretty' -d '{"query":{"match_all":{}},"filter":{"geo_distance":{"distance":"2000m","location":[37.96033,23.71122]}},"size":10}'

# 2014-03-26 22:00:12:105 [200] (1 msec)

# 2014-03-26 22:00:12:826 [_search] (["cities"])
#
curl -X GET 'http://localhost:9200/cities/city/_search?size=10&pretty' -d '{"query":{"match_all":{}},"filter":{"geo_distance":{"distance":"2000m","location":[37.96033,23.71122]}},"size":10}'

# 2014-03-26 22:00:12:826 [200] (1 msec)

# 2014-03-26 22:00:13:569 [_search] (["cities"])
#
curl -X GET 'http://localhost:9200/cities/city/_search?size=10&pretty' -d '{"query":{"match_all":{}},"filter":{"geo_distance":{"distance":"2000m","location":[37.96033,23.71122]}},"size":10}'

# 2014-03-26 22:00:13:569 [200] (2 msec)

# 2014-03-26 22:00:14:548 [_search] (["cities"])
#
curl -X GET 'http://localhost:9200/cities/city/_search?size=10&pretty' -d '{"query":{"match_all":{}},"filter":{"geo_distance":{"distance":"2000m","location":[37.96033,23.71122]}},"size":10}'

# 2014-03-26 22:00:14:548 [200] (1 msec)

# 2014-03-26 22:00:15:110 [_search] (["cities"])
#
curl -X GET 'http://localhost:9200/cities/city/_search?size=10&pretty' -d '{"query":{"match_all":{}},"filter":{"geo_distance":{"distance":"2000m","location":[37.96033,23.71122]}},"size":10}'

# 2014-03-26 22:00:15:110 [200] (2 msec)

# 2014-03-26 22:00:55:656 [_search] (["cities"])
#
curl -X GET 'http://localhost:9200/cities/city/_search?size=10&pretty' -d '{"query":{"match_all":{}},"filter":{"geo_distance":{"distance":"2000m","location":[37.96033,23.71122]}},"size":10}'

# 2014-03-26 22:00:55:656 [200] (1 msec)

# 2014-03-26 22:06:16:423 [_search] (["cities"])
#
curl -X GET 'http://localhost:9200/cities/city/_search?size=10&pretty' -d '{"query":{"match_all":{}},"filter":{"geo_distance":{"distance":"2000m","location":[37.78583,-122.40642]}},"size":10}'

# 2014-03-26 22:06:16:423 [200] (1 msec)

# 2014-03-26 22:07:32:062 [_search] (["cities"])
#
curl -X GET 'http://localhost:9200/cities/city/_search?size=10&pretty' -d '{"query":{"match_all":{}},"filter":{"geo_distance":{"distance":"2000m","location":[37.78583,-122.40642]}},"size":10}'

# 2014-03-26 22:07:32:062 [200] (1 msec)

# 2014-03-26 22:09:14:939 [_search] (["cities"])
#
curl -X GET 'http://localhost:9200/cities/city/_search?size=10&pretty' -d '{"query":{"match_all":{}},"filter":{"geo_distance":{"distance":"2000m","location":[37.78583,-122.40642]}},"size":10}'

# 2014-03-26 22:09:14:939 [200] (1 msec)

# 2014-03-26 22:22:01:406 [_search] (["cities"])
#
curl -X GET 'http://localhost:9200/cities/city/_search?size=10&pretty' -d '{"query":{"match_all":{}},"filter":{"geo_distance":{"distance":"2000m","location":[37.96033,23.71122]}},"size":10}'

# 2014-03-26 22:22:01:406 [200] (1 msec)

# 2014-03-26 22:33:23:360 [HEAD] ("cities")
#
curl -I "http://localhost:9200/cities"

# 2014-03-26 22:33:23:360 [200]

# 2014-03-26 22:33:23:456 [_search] (["cities"])
#
curl -X GET 'http://localhost:9200/cities/city/_search?size=10&pretty' -d '{"query":{"match_all":{}},"filter":{"geo_distance":{"distance":"2000m","location":[37.96033,23.71122]}},"size":10}'

# 2014-03-26 22:33:23:456 [200] (1 msec)

# 2014-03-26 22:36:28:478 [HEAD] ("cities")
#
curl -I "http://localhost:9200/cities"

# 2014-03-26 22:36:28:478 [200]

# 2014-03-26 22:36:28:612 [_search] (["cities"])
#
curl -X GET 'http://localhost:9200/cities/city/_search?size=10&pretty' -d '{"query":{"match_all":{}},"filter":{"geo_distance":{"distance":"2000m","location":[37.96033,23.71122]}},"size":10}'

# 2014-03-26 22:36:28:612 [200] (1 msec)

# 2014-03-26 22:37:07:022 [HEAD] ("cities")
#
curl -I "http://localhost:9200/cities"

# 2014-03-26 22:37:07:022 [200]

# 2014-03-26 22:43:21:282 [HEAD] ("cities")
#
curl -I "http://localhost:9200/cities"

# 2014-03-26 22:43:21:282 [200]

# 2014-03-26 22:43:21:374 [_search] (["cities"])
#
curl -X GET 'http://localhost:9200/cities/city/_search?size=10&pretty' -d '{"query":{"match_all":{}},"filter":{"geo_distance":{"distance":"2000m","location":[37.96033,23.71122]}},"size":10}'

# 2014-03-26 22:43:21:374 [200] (1 msec)

# 2014-03-26 22:43:23:982 [_search] (["cities"])
#
curl -X GET 'http://localhost:9200/cities/city/_search?size=10&pretty' -d '{"query":{"match_all":{}},"filter":{"geo_distance":{"distance":"2000m","location":[37.96033,23.71122]}},"size":10}'

# 2014-03-26 22:43:23:982 [200] (1 msec)

# 2014-03-26 22:43:42:161 [HEAD] ("cities")
#
curl -I "http://localhost:9200/cities"

# 2014-03-26 22:43:42:161 [200]

# 2014-03-26 22:44:49:456 [HEAD] ("cities")
#
curl -I "http://localhost:9200/cities"

# 2014-03-26 22:44:49:456 [200]

# 2014-03-26 22:47:46:342 [HEAD] ("cities")
#
curl -I "http://localhost:9200/cities"

# 2014-03-26 22:47:46:342 [200]

# 2014-03-26 22:50:44:090 [HEAD] ("cities")
#
curl -I "http://localhost:9200/cities"

# 2014-03-26 22:50:44:090 [200]

# 2014-03-26 22:50:44:138 [DELETE] ("cities")
#
curl -X DELETE http://localhost:9200/cities

# 2014-03-26 22:50:44:138 [200]

# 2014-03-26 22:50:44:140 [HEAD] ("cities")
#
curl -I "http://localhost:9200/cities"

# 2014-03-26 22:50:44:140 [404]

# 2014-03-26 22:50:44:262 [CREATE] ("cities")
#
curl -X POST http://localhost:9200/cities -d '{"mappings":{"city":{"properties":{"location":{"type":"geo_point","geohash":true}}}},"settings":{}}'

# 2014-03-26 22:50:44:262 [200]

# 2014-03-26 22:52:03:103 [HEAD] ("cities")
#
curl -I "http://localhost:9200/cities"

# 2014-03-26 22:52:03:103 [200]

# 2014-03-26 22:52:33:833 [HEAD] ("cities")
#
curl -I "http://localhost:9200/cities"

# 2014-03-26 22:52:33:833 [200]

# 2014-03-26 22:52:33:853 [DELETE] ("cities")
#
curl -X DELETE http://localhost:9200/cities

# 2014-03-26 22:52:33:853 [200]

# 2014-03-26 22:52:33:855 [HEAD] ("cities")
#
curl -I "http://localhost:9200/cities"

# 2014-03-26 22:52:33:855 [404]

# 2014-03-26 22:52:33:955 [CREATE] ("cities")
#
curl -X POST http://localhost:9200/cities -d '{"mappings":{"city":{"properties":{"location":{"type":"geo_point","geohash":true}}}},"settings":{}}'

# 2014-03-26 22:52:33:955 [200]

# 2014-03-26 22:52:58:554 [HEAD] ("cities")
#
curl -I "http://localhost:9200/cities"

# 2014-03-26 22:52:58:554 [200]

# 2014-03-26 22:52:58:569 [DELETE] ("cities")
#
curl -X DELETE http://localhost:9200/cities

# 2014-03-26 22:52:58:569 [200]

# 2014-03-26 22:52:58:571 [HEAD] ("cities")
#
curl -I "http://localhost:9200/cities"

# 2014-03-26 22:52:58:571 [404]

# 2014-03-26 22:52:58:683 [CREATE] ("cities")
#
curl -X POST http://localhost:9200/cities -d '{"mappings":{"city":{"properties":{"location":{"type":"geo_point","geohash":true}}}},"settings":{}}'

# 2014-03-26 22:52:58:683 [200]

# 2014-03-26 22:53:33:940 [HEAD] ("cities")
#
curl -I "http://localhost:9200/cities"

# 2014-03-26 22:53:33:940 [200]

# 2014-03-26 22:53:33:959 [DELETE] ("cities")
#
curl -X DELETE http://localhost:9200/cities

# 2014-03-26 22:53:33:959 [200]

# 2014-03-26 22:53:33:961 [HEAD] ("cities")
#
curl -I "http://localhost:9200/cities"

# 2014-03-26 22:53:33:961 [404]

# 2014-03-26 22:53:34:062 [CREATE] ("cities")
#
curl -X POST http://localhost:9200/cities -d '{"mappings":{"city":{"properties":{"location":{"type":"geo_point","geohash":true}}}},"settings":{}}'

# 2014-03-26 22:53:34:062 [200]

# 2014-03-26 22:55:37:642 [HEAD] ("cities")
#
curl -I "http://localhost:9200/cities"

# 2014-03-26 22:55:37:642 [200]

# 2014-03-26 22:55:37:664 [DELETE] ("cities")
#
curl -X DELETE http://localhost:9200/cities

# 2014-03-26 22:55:37:664 [200]

# 2014-03-26 22:55:37:665 [HEAD] ("cities")
#
curl -I "http://localhost:9200/cities"

# 2014-03-26 22:55:37:665 [404]

# 2014-03-26 22:55:37:762 [CREATE] ("cities")
#
curl -X POST http://localhost:9200/cities -d '{"mappings":{"city":{"properties":{"location":{"type":"geo_point","geohash":true}}}},"settings":{}}'

# 2014-03-26 22:55:37:762 [200]

# 2014-03-26 22:57:12:433 [HEAD] ("cities")
#
curl -I "http://localhost:9200/cities"

# 2014-03-26 22:57:12:433 [200]

# 2014-03-26 22:57:12:527 [_search] (["cities"])
#
curl -X GET 'http://localhost:9200/cities/city/_search?size=10&pretty' -d '{"query":{"match_all":{}},"filter":{"geo_distance":{"distance":"1000m","location":[37.96033,23.71122]}},"size":10}'

# 2014-03-26 22:57:12:527 [200] (1 msec)

# 2014-03-26 22:57:25:513 [HEAD] ("cities")
#
curl -I "http://localhost:9200/cities"

# 2014-03-26 22:57:25:513 [200]

# 2014-03-26 22:57:25:558 [DELETE] ("cities")
#
curl -X DELETE http://localhost:9200/cities

# 2014-03-26 22:57:25:558 [200]

# 2014-03-26 22:57:25:560 [HEAD] ("cities")
#
curl -I "http://localhost:9200/cities"

# 2014-03-26 22:57:25:560 [404]

# 2014-03-26 22:57:25:659 [CREATE] ("cities")
#
curl -X POST http://localhost:9200/cities -d '{"mappings":{"city":{"properties":{"location":{"type":"geo_point","geohash":true}}}},"settings":{}}'

# 2014-03-26 22:57:25:659 [200]

# 2014-03-26 22:58:24:391 [HEAD] ("cities")
#
curl -I "http://localhost:9200/cities"

# 2014-03-26 22:58:24:391 [200]

# 2014-03-26 22:58:24:410 [DELETE] ("cities")
#
curl -X DELETE http://localhost:9200/cities

# 2014-03-26 22:58:24:410 [200]

# 2014-03-26 22:58:24:411 [HEAD] ("cities")
#
curl -I "http://localhost:9200/cities"

# 2014-03-26 22:58:24:411 [404]

# 2014-03-26 22:58:24:509 [CREATE] ("cities")
#
curl -X POST http://localhost:9200/cities -d '{"mappings":{"city":{"properties":{"location":{"type":"geo_point","geohash":true}}}},"settings":{}}'

# 2014-03-26 22:58:24:509 [200]

# 2014-03-26 22:58:26:271 [_bulk] ("cities")
#
curl -X POST "http://localhost:9200/cities/_bulk" --data-binary '... data omitted ...'

# 2014-03-26 22:58:26:271 [200]

# 2014-03-26 22:58:27:521 [_bulk] ("cities")
#
curl -X POST "http://localhost:9200/cities/_bulk" --data-binary '... data omitted ...'

# 2014-03-26 22:58:27:521 [200]

# 2014-03-26 22:58:28:527 [_bulk] ("cities")
#
curl -X POST "http://localhost:9200/cities/_bulk" --data-binary '... data omitted ...'

# 2014-03-26 22:58:28:527 [200]

# 2014-03-26 22:58:29:417 [_bulk] ("cities")
#
curl -X POST "http://localhost:9200/cities/_bulk" --data-binary '... data omitted ...'

# 2014-03-26 22:58:29:418 [200]

# 2014-03-26 22:58:30:282 [_bulk] ("cities")
#
curl -X POST "http://localhost:9200/cities/_bulk" --data-binary '... data omitted ...'

# 2014-03-26 22:58:30:282 [200]

# 2014-03-26 22:58:31:112 [_bulk] ("cities")
#
curl -X POST "http://localhost:9200/cities/_bulk" --data-binary '... data omitted ...'

# 2014-03-26 22:58:31:112 [200]

# 2014-03-26 22:58:31:985 [_bulk] ("cities")
#
curl -X POST "http://localhost:9200/cities/_bulk" --data-binary '... data omitted ...'

# 2014-03-26 22:58:31:985 [200]

# 2014-03-26 22:58:32:797 [_bulk] ("cities")
#
curl -X POST "http://localhost:9200/cities/_bulk" --data-binary '... data omitted ...'

# 2014-03-26 22:58:32:797 [200]

# 2014-03-26 22:58:33:617 [_bulk] ("cities")
#
curl -X POST "http://localhost:9200/cities/_bulk" --data-binary '... data omitted ...'

# 2014-03-26 22:58:33:617 [200]

# 2014-03-26 22:58:34:353 [_bulk] ("cities")
#
curl -X POST "http://localhost:9200/cities/_bulk" --data-binary '... data omitted ...'

# 2014-03-26 22:58:34:353 [200]

# 2014-03-26 22:58:35:164 [_bulk] ("cities")
#
curl -X POST "http://localhost:9200/cities/_bulk" --data-binary '... data omitted ...'

# 2014-03-26 22:58:35:164 [200]

# 2014-03-26 22:58:36:008 [_bulk] ("cities")
#
curl -X POST "http://localhost:9200/cities/_bulk" --data-binary '... data omitted ...'

# 2014-03-26 22:58:36:008 [200]

# 2014-03-26 22:58:36:878 [_bulk] ("cities")
#
curl -X POST "http://localhost:9200/cities/_bulk" --data-binary '... data omitted ...'

# 2014-03-26 22:58:36:878 [200]

# 2014-03-26 22:58:37:345 [_bulk] ("cities")
#
curl -X POST "http://localhost:9200/cities/_bulk" --data-binary '... data omitted ...'

# 2014-03-26 22:58:37:345 [200]

# 2014-03-26 22:58:40:825 [HEAD] ("cities")
#
curl -I "http://localhost:9200/cities"

# 2014-03-26 22:58:40:825 [200]

# 2014-03-26 22:58:40:963 [_search] (["cities"])
#
curl -X GET 'http://localhost:9200/cities/city/_search?size=10&pretty' -d '{"query":{"match_all":{}},"filter":{"geo_distance":{"distance":"1000m","location":[37.96033,23.71122]}},"size":10}'

# 2014-03-26 22:58:40:963 [200] (8 msec)

# 2014-03-26 22:58:42:429 [_search] (["cities"])
#
curl -X GET 'http://localhost:9200/cities/city/_search?size=10&pretty' -d '{"query":{"match_all":{}},"filter":{"geo_distance":{"distance":"1000m","location":[37.96033,23.71122]}},"size":10}'

# 2014-03-26 22:58:42:429 [200] (0 msec)

# 2014-03-26 22:58:43:712 [_search] (["cities"])
#
curl -X GET 'http://localhost:9200/cities/city/_search?size=10&pretty' -d '{"query":{"match_all":{}},"filter":{"geo_distance":{"distance":"1000m","location":[37.96033,23.71122]}},"size":10}'

# 2014-03-26 22:58:43:712 [200] (1 msec)

# 2014-03-26 22:58:44:735 [_search] (["cities"])
#
curl -X GET 'http://localhost:9200/cities/city/_search?size=10&pretty' -d '{"query":{"match_all":{}},"filter":{"geo_distance":{"distance":"1000m","location":[37.96033,23.71122]}},"size":10}'

# 2014-03-26 22:58:44:735 [200] (0 msec)

# 2014-03-26 22:58:46:367 [_search] (["cities"])
#
curl -X GET 'http://localhost:9200/cities/city/_search?size=10&pretty' -d '{"query":{"match_all":{}},"filter":{"geo_distance":{"distance":"1000m","location":[37.96033,23.71122]}},"size":10}'

# 2014-03-26 22:58:46:367 [200] (0 msec)

# 2014-03-26 22:58:58:843 [HEAD] ("cities")
#
curl -I "http://localhost:9200/cities"

# 2014-03-26 22:58:58:843 [200]

# 2014-03-26 22:58:58:938 [_search] (["cities"])
#
curl -X GET 'http://localhost:9200/cities/city/_search?size=10&pretty' -d '{"query":{"match_all":{}},"filter":{"geo_distance":{"distance":"2000m","location":[37.96033,23.71122]}},"size":10}'

# 2014-03-26 22:58:58:938 [200] (2 msec)

# 2014-03-26 22:59:09:896 [HEAD] ("cities")
#
curl -I "http://localhost:9200/cities"

# 2014-03-26 22:59:09:896 [200]

# 2014-03-26 22:59:09:989 [_search] (["cities"])
#
curl -X GET 'http://localhost:9200/cities/city/_search?size=10&pretty' -d '{"query":{"match_all":{}},"filter":{"geo_distance":{"distance":"1500m","location":[37.96033,23.71122]}},"size":10}'

# 2014-03-26 22:59:09:990 [200] (1 msec)

# 2014-03-26 22:59:20:416 [HEAD] ("cities")
#
curl -I "http://localhost:9200/cities"

# 2014-03-26 22:59:20:416 [200]

# 2014-03-26 22:59:20:554 [_search] (["cities"])
#
curl -X GET 'http://localhost:9200/cities/city/_search?size=10&pretty' -d '{"query":{"match_all":{}},"filter":{"geo_distance":{"distance":"2000m","location":[37.96033,23.71122]}},"size":10}'

# 2014-03-26 22:59:20:554 [200] (1 msec)

# 2014-03-26 23:03:55:099 [HEAD] ("cities")
#
curl -I "http://localhost:9200/cities"

# 2014-03-26 23:03:55:099 [200]

# 2014-03-26 23:03:55:131 [DELETE] ("cities")
#
curl -X DELETE http://localhost:9200/cities

# 2014-03-26 23:03:55:131 [200]

# 2014-03-26 23:03:55:132 [HEAD] ("cities")
#
curl -I "http://localhost:9200/cities"

# 2014-03-26 23:03:55:132 [404]

# 2014-03-26 23:03:55:215 [CREATE] ("cities")
#
curl -X POST http://localhost:9200/cities -d '{"mappings":{"city":{"properties":{"location":{"type":"geo_point","geohash":true}}}},"settings":{}}'

# 2014-03-26 23:03:55:215 [200]

# 2014-03-26 23:03:56:554 [_bulk] ("cities")
#
curl -X POST "http://localhost:9200/cities/_bulk" --data-binary '... data omitted ...'

# 2014-03-26 23:03:56:554 [200]

# 2014-03-26 23:03:57:407 [_bulk] ("cities")
#
curl -X POST "http://localhost:9200/cities/_bulk" --data-binary '... data omitted ...'

# 2014-03-26 23:03:57:407 [200]

# 2014-03-26 23:03:58:201 [_bulk] ("cities")
#
curl -X POST "http://localhost:9200/cities/_bulk" --data-binary '... data omitted ...'

# 2014-03-26 23:03:58:201 [200]

# 2014-03-26 23:03:58:992 [_bulk] ("cities")
#
curl -X POST "http://localhost:9200/cities/_bulk" --data-binary '... data omitted ...'

# 2014-03-26 23:03:58:992 [200]

# 2014-03-26 23:03:59:797 [_bulk] ("cities")
#
curl -X POST "http://localhost:9200/cities/_bulk" --data-binary '... data omitted ...'

# 2014-03-26 23:03:59:797 [200]

# 2014-03-26 23:04:00:599 [_bulk] ("cities")
#
curl -X POST "http://localhost:9200/cities/_bulk" --data-binary '... data omitted ...'

# 2014-03-26 23:04:00:599 [200]

# 2014-03-26 23:04:01:381 [_bulk] ("cities")
#
curl -X POST "http://localhost:9200/cities/_bulk" --data-binary '... data omitted ...'

# 2014-03-26 23:04:01:381 [200]

# 2014-03-26 23:04:02:169 [_bulk] ("cities")
#
curl -X POST "http://localhost:9200/cities/_bulk" --data-binary '... data omitted ...'

# 2014-03-26 23:04:02:169 [200]

# 2014-03-26 23:04:02:961 [_bulk] ("cities")
#
curl -X POST "http://localhost:9200/cities/_bulk" --data-binary '... data omitted ...'

# 2014-03-26 23:04:02:961 [200]

# 2014-03-26 23:04:03:688 [_bulk] ("cities")
#
curl -X POST "http://localhost:9200/cities/_bulk" --data-binary '... data omitted ...'

# 2014-03-26 23:04:03:688 [200]

# 2014-03-26 23:04:04:470 [_bulk] ("cities")
#
curl -X POST "http://localhost:9200/cities/_bulk" --data-binary '... data omitted ...'

# 2014-03-26 23:04:04:470 [200]

# 2014-03-26 23:04:05:265 [_bulk] ("cities")
#
curl -X POST "http://localhost:9200/cities/_bulk" --data-binary '... data omitted ...'

# 2014-03-26 23:04:05:265 [200]

# 2014-03-26 23:04:06:081 [_bulk] ("cities")
#
curl -X POST "http://localhost:9200/cities/_bulk" --data-binary '... data omitted ...'

# 2014-03-26 23:04:06:081 [200]

# 2014-03-26 23:04:06:308 [_bulk] ("cities")
#
curl -X POST "http://localhost:9200/cities/_bulk" --data-binary '... data omitted ...'

# 2014-03-26 23:04:06:308 [200]

# 2014-03-26 23:05:10:710 [HEAD] ("cities")
#
curl -I "http://localhost:9200/cities"

# 2014-03-26 23:05:10:710 [200]

# 2014-03-26 23:05:10:750 [DELETE] ("cities")
#
curl -X DELETE http://localhost:9200/cities

# 2014-03-26 23:05:10:750 [200]

# 2014-03-26 23:05:10:752 [HEAD] ("cities")
#
curl -I "http://localhost:9200/cities"

# 2014-03-26 23:05:10:752 [404]

# 2014-03-26 23:05:10:833 [CREATE] ("cities")
#
curl -X POST http://localhost:9200/cities -d '{"mappings":{"city":{"properties":{"location":{"type":"geo_point","geohash":true}}}},"settings":{}}'

# 2014-03-26 23:05:10:833 [200]

# 2014-03-26 23:05:41:291 [HEAD] ("cities")
#
curl -I "http://localhost:9200/cities"

# 2014-03-26 23:05:41:291 [200]

# 2014-03-26 23:05:41:308 [DELETE] ("cities")
#
curl -X DELETE http://localhost:9200/cities

# 2014-03-26 23:05:41:308 [200]

# 2014-03-26 23:05:41:312 [HEAD] ("cities")
#
curl -I "http://localhost:9200/cities"

# 2014-03-26 23:05:41:312 [404]

# 2014-03-26 23:05:41:390 [CREATE] ("cities")
#
curl -X POST http://localhost:9200/cities -d '{"mappings":{"city":{"properties":{"location":{"type":"geo_point","geohash":true}}}},"settings":{}}'

# 2014-03-26 23:05:41:390 [200]

# 2014-03-26 23:05:57:444 [HEAD] ("cities")
#
curl -I "http://localhost:9200/cities"

# 2014-03-26 23:05:57:444 [200]

# 2014-03-26 23:05:57:457 [DELETE] ("cities")
#
curl -X DELETE http://localhost:9200/cities

# 2014-03-26 23:05:57:457 [200]

# 2014-03-26 23:05:57:458 [HEAD] ("cities")
#
curl -I "http://localhost:9200/cities"

# 2014-03-26 23:05:57:458 [404]

# 2014-03-26 23:05:57:538 [CREATE] ("cities")
#
curl -X POST http://localhost:9200/cities -d '{"mappings":{"city":{"properties":{"location":{"type":"geo_point","geohash":true}}}},"settings":{}}'

# 2014-03-26 23:05:57:538 [200]

# 2014-03-26 23:06:24:915 [HEAD] ("cities")
#
curl -I "http://localhost:9200/cities"

# 2014-03-26 23:06:24:915 [200]

# 2014-03-26 23:06:24:926 [DELETE] ("cities")
#
curl -X DELETE http://localhost:9200/cities

# 2014-03-26 23:06:24:926 [200]

# 2014-03-26 23:06:24:928 [HEAD] ("cities")
#
curl -I "http://localhost:9200/cities"

# 2014-03-26 23:06:24:928 [404]

# 2014-03-26 23:06:25:001 [CREATE] ("cities")
#
curl -X POST http://localhost:9200/cities -d '{"mappings":{"city":{"properties":{"location":{"type":"geo_point","geohash":true}}}},"settings":{}}'

# 2014-03-26 23:06:25:001 [200]

# 2014-03-26 23:06:27:277 [_bulk] ("cities")
#
curl -X POST "http://localhost:9200/cities/_bulk" --data-binary '... data omitted ...'

# 2014-03-26 23:06:27:277 [200]

# 2014-03-26 23:06:28:997 [_bulk] ("cities")
#
curl -X POST "http://localhost:9200/cities/_bulk" --data-binary '... data omitted ...'

# 2014-03-26 23:06:28:997 [200]

# 2014-03-26 23:07:14:035 [HEAD] ("cities")
#
curl -I "http://localhost:9200/cities"

# 2014-03-26 23:07:14:035 [200]

# 2014-03-26 23:07:14:063 [DELETE] ("cities")
#
curl -X DELETE http://localhost:9200/cities

# 2014-03-26 23:07:14:064 [200]

# 2014-03-26 23:07:14:065 [HEAD] ("cities")
#
curl -I "http://localhost:9200/cities"

# 2014-03-26 23:07:14:065 [404]

# 2014-03-26 23:07:14:139 [CREATE] ("cities")
#
curl -X POST http://localhost:9200/cities -d '{"mappings":{"city":{"properties":{"location":{"type":"geo_point","geohash":true}}}},"settings":{}}'

# 2014-03-26 23:07:14:139 [200]

# 2014-03-26 23:07:31:603 [HEAD] ("cities")
#
curl -I "http://localhost:9200/cities"

# 2014-03-26 23:07:31:603 [200]

# 2014-03-26 23:07:31:614 [DELETE] ("cities")
#
curl -X DELETE http://localhost:9200/cities

# 2014-03-26 23:07:31:614 [200]

# 2014-03-26 23:07:31:616 [HEAD] ("cities")
#
curl -I "http://localhost:9200/cities"

# 2014-03-26 23:07:31:616 [404]

# 2014-03-26 23:07:31:698 [CREATE] ("cities")
#
curl -X POST http://localhost:9200/cities -d '{"mappings":{"city":{"properties":{"location":{"type":"geo_point","geohash":true}}}},"settings":{}}'

# 2014-03-26 23:07:31:698 [200]

# 2014-03-26 23:07:33:952 [_bulk] ("cities")
#
curl -X POST "http://localhost:9200/cities/_bulk" --data-binary '... data omitted ...'

# 2014-03-26 23:07:33:952 [200]

# 2014-03-26 23:07:35:660 [_bulk] ("cities")
#
curl -X POST "http://localhost:9200/cities/_bulk" --data-binary '... data omitted ...'

# 2014-03-26 23:07:35:660 [200]

# 2014-03-26 23:07:37:439 [_bulk] ("cities")
#
curl -X POST "http://localhost:9200/cities/_bulk" --data-binary '... data omitted ...'

# 2014-03-26 23:07:37:439 [200]

# 2014-03-26 23:07:39:118 [_bulk] ("cities")
#
curl -X POST "http://localhost:9200/cities/_bulk" --data-binary '... data omitted ...'

# 2014-03-26 23:07:39:118 [200]

# 2014-03-26 23:07:40:901 [_bulk] ("cities")
#
curl -X POST "http://localhost:9200/cities/_bulk" --data-binary '... data omitted ...'

# 2014-03-26 23:07:40:901 [200]

# 2014-03-26 23:07:42:677 [_bulk] ("cities")
#
curl -X POST "http://localhost:9200/cities/_bulk" --data-binary '... data omitted ...'

# 2014-03-26 23:07:42:677 [200]

# 2014-03-26 23:07:44:364 [_bulk] ("cities")
#
curl -X POST "http://localhost:9200/cities/_bulk" --data-binary '... data omitted ...'

# 2014-03-26 23:07:44:364 [200]

# 2014-03-26 23:07:46:110 [_bulk] ("cities")
#
curl -X POST "http://localhost:9200/cities/_bulk" --data-binary '... data omitted ...'

# 2014-03-26 23:07:46:110 [200]

# 2014-03-26 23:07:47:773 [_bulk] ("cities")
#
curl -X POST "http://localhost:9200/cities/_bulk" --data-binary '... data omitted ...'

# 2014-03-26 23:07:47:773 [200]

# 2014-03-26 23:07:49:567 [_bulk] ("cities")
#
curl -X POST "http://localhost:9200/cities/_bulk" --data-binary '... data omitted ...'

# 2014-03-26 23:07:49:567 [200]

# 2014-03-26 23:07:51:307 [_bulk] ("cities")
#
curl -X POST "http://localhost:9200/cities/_bulk" --data-binary '... data omitted ...'

# 2014-03-26 23:07:51:307 [200]

# 2014-03-26 23:07:53:070 [_bulk] ("cities")
#
curl -X POST "http://localhost:9200/cities/_bulk" --data-binary '... data omitted ...'

# 2014-03-26 23:07:53:070 [200]

# 2014-03-26 23:07:54:792 [_bulk] ("cities")
#
curl -X POST "http://localhost:9200/cities/_bulk" --data-binary '... data omitted ...'

# 2014-03-26 23:07:54:792 [200]

# 2014-03-26 23:07:55:297 [_bulk] ("cities")
#
curl -X POST "http://localhost:9200/cities/_bulk" --data-binary '... data omitted ...'

# 2014-03-26 23:07:55:297 [200]

# 2014-03-26 23:08:02:175 [HEAD] ("cities")
#
curl -I "http://localhost:9200/cities"

# 2014-03-26 23:08:02:175 [200]

# 2014-03-26 23:08:02:277 [_search] (["cities"])
#
curl -X GET 'http://localhost:9200/cities/city/_search?size=10&pretty' -d '{"query":{"match_all":{}},"filter":{"geo_distance":{"distance":"2000m","location":[37.96033,23.71122]}},"size":10}'

# 2014-03-26 23:08:02:278 [200] (8 msec)

# 2014-03-26 23:08:33:450 [HEAD] ("cities")
#
curl -I "http://localhost:9200/cities"

# 2014-03-26 23:08:33:450 [200]

# 2014-03-26 23:40:30:660 [HEAD] ("cities")
#
curl -I "http://localhost:9200/cities"

# 2014-03-26 23:40:30:660 [200]

# 2014-03-26 23:40:30:762 [_search] (["cities"])
#
curl -X GET 'http://localhost:9200/cities/city/_search?size=10&pretty' -d '{"query":{"match_all":{}},"filter":{"geo_distance":{"distance":"2000m","location":[37.96033,23.71122]}},"size":10}'

# 2014-03-26 23:40:30:762 [200] (1 msec)

# 2014-03-26 23:41:08:409 [HEAD] ("cities")
#
curl -I "http://localhost:9200/cities"

# 2014-03-26 23:41:08:409 [200]

# 2014-03-26 23:41:08:444 [DELETE] ("cities")
#
curl -X DELETE http://localhost:9200/cities

# 2014-03-26 23:41:08:444 [200]

# 2014-03-26 23:41:08:446 [HEAD] ("cities")
#
curl -I "http://localhost:9200/cities"

# 2014-03-26 23:41:08:446 [404]

# 2014-03-26 23:41:08:518 [CREATE] ("cities")
#
curl -X POST http://localhost:9200/cities -d '{"mappings":{"city":{"properties":{"location":{"type":"geo_point","geohash":true}}}},"settings":{}}'

# 2014-03-26 23:41:08:518 [200]

# 2014-03-26 23:41:10:798 [_bulk] ("cities")
#
curl -X POST "http://localhost:9200/cities/_bulk" --data-binary '... data omitted ...'

# 2014-03-26 23:41:10:798 [200]

# 2014-03-26 23:41:12:527 [_bulk] ("cities")
#
curl -X POST "http://localhost:9200/cities/_bulk" --data-binary '... data omitted ...'

# 2014-03-26 23:41:12:527 [200]

# 2014-03-26 23:41:14:309 [_bulk] ("cities")
#
curl -X POST "http://localhost:9200/cities/_bulk" --data-binary '... data omitted ...'

# 2014-03-26 23:41:14:309 [200]

# 2014-03-26 23:41:16:030 [_bulk] ("cities")
#
curl -X POST "http://localhost:9200/cities/_bulk" --data-binary '... data omitted ...'

# 2014-03-26 23:41:16:030 [200]

# 2014-03-26 23:41:17:833 [_bulk] ("cities")
#
curl -X POST "http://localhost:9200/cities/_bulk" --data-binary '... data omitted ...'

# 2014-03-26 23:41:17:833 [200]

# 2014-03-26 23:41:19:626 [_bulk] ("cities")
#
curl -X POST "http://localhost:9200/cities/_bulk" --data-binary '... data omitted ...'

# 2014-03-26 23:41:19:626 [200]

# 2014-03-26 23:41:21:344 [_bulk] ("cities")
#
curl -X POST "http://localhost:9200/cities/_bulk" --data-binary '... data omitted ...'

# 2014-03-26 23:41:21:344 [200]

# 2014-03-26 23:41:23:134 [_bulk] ("cities")
#
curl -X POST "http://localhost:9200/cities/_bulk" --data-binary '... data omitted ...'

# 2014-03-26 23:41:23:134 [200]

# 2014-03-26 23:41:24:830 [_bulk] ("cities")
#
curl -X POST "http://localhost:9200/cities/_bulk" --data-binary '... data omitted ...'

# 2014-03-26 23:41:24:830 [200]

# 2014-03-26 23:41:26:703 [_bulk] ("cities")
#
curl -X POST "http://localhost:9200/cities/_bulk" --data-binary '... data omitted ...'

# 2014-03-26 23:41:26:703 [200]

# 2014-03-26 23:41:28:354 [_bulk] ("cities")
#
curl -X POST "http://localhost:9200/cities/_bulk" --data-binary '... data omitted ...'

# 2014-03-26 23:41:28:354 [200]

# 2014-03-26 23:41:30:202 [_bulk] ("cities")
#
curl -X POST "http://localhost:9200/cities/_bulk" --data-binary '... data omitted ...'

# 2014-03-26 23:41:30:202 [200]

# 2014-03-26 23:41:31:982 [_bulk] ("cities")
#
curl -X POST "http://localhost:9200/cities/_bulk" --data-binary '... data omitted ...'

# 2014-03-26 23:41:31:983 [200]

# 2014-03-26 23:41:32:497 [_bulk] ("cities")
#
curl -X POST "http://localhost:9200/cities/_bulk" --data-binary '... data omitted ...'

# 2014-03-26 23:41:32:497 [200]

# 2014-03-26 23:41:45:647 [_search] (["cities"])
#
curl -X GET 'http://localhost:9200/cities/city/_search?size=10&pretty' -d '{"query":{"match_all":{}},"filter":{"geo_distance":{"distance":"2000m","location":[37.96033,23.71122]}},"size":10}'

# 2014-03-26 23:41:45:647 [200] (10 msec)

# 2014-03-26 23:41:52:193 [_search] (["cities"])
#
curl -X GET 'http://localhost:9200/cities/city/_search?size=10&pretty' -d '{"query":{"match_all":{}},"filter":{"geo_distance":{"distance":"2000m","location":[37.96033,23.71122]}},"size":10}'

# 2014-03-26 23:41:52:193 [200] (2 msec)

# 2014-03-26 23:41:53:070 [_search] (["cities"])
#
curl -X GET 'http://localhost:9200/cities/city/_search?size=10&pretty' -d '{"query":{"match_all":{}},"filter":{"geo_distance":{"distance":"2000m","location":[37.96033,23.71122]}},"size":10}'

# 2014-03-26 23:41:53:070 [200] (1 msec)

# 2014-03-26 23:41:53:732 [_search] (["cities"])
#
curl -X GET 'http://localhost:9200/cities/city/_search?size=10&pretty' -d '{"query":{"match_all":{}},"filter":{"geo_distance":{"distance":"2000m","location":[37.96033,23.71122]}},"size":10}'

# 2014-03-26 23:41:53:733 [200] (1 msec)

# 2014-03-26 23:41:54:689 [_search] (["cities"])
#
curl -X GET 'http://localhost:9200/cities/city/_search?size=10&pretty' -d '{"query":{"match_all":{}},"filter":{"geo_distance":{"distance":"2000m","location":[37.96033,23.71122]}},"size":10}'

# 2014-03-26 23:41:54:689 [200] (1 msec)

# 2014-03-26 23:43:02:593 [HEAD] ("cities")
#
curl -I "http://localhost:9200/cities"

# 2014-03-26 23:43:02:593 [200]

# 2014-03-26 23:43:02:688 [_search] (["cities"])
#
curl -X GET 'http://localhost:9200/cities/city/_search?size=10&pretty' -d '{"query":{"match_all":{}},"filter":{"geo_distance":{"distance":"2000m","location":[37.96033,23.71122]}},"size":10}'

# 2014-03-26 23:43:02:689 [200] (1 msec)

# 2014-03-26 23:43:23:730 [HEAD] ("cities")
#
curl -I "http://localhost:9200/cities"

# 2014-03-26 23:43:23:730 [200]

# 2014-03-26 23:43:23:858 [_search] (["cities"])
#
curl -X GET 'http://localhost:9200/cities/city/_search?size=10&pretty' -d '{"query":{"match_all":{}},"filter":{"geo_distance":{"distance":"2000m","location":[37.96033,23.71122]}},"size":10}'

# 2014-03-26 23:43:23:858 [200] (1 msec)

# 2014-03-26 23:43:25:323 [_search] (["cities"])
#
curl -X GET 'http://localhost:9200/cities/city/_search?size=10&pretty' -d '{"query":{"match_all":{}},"filter":{"geo_distance":{"distance":"2000m","location":[37.96033,23.71122]}},"size":10}'

# 2014-03-26 23:43:25:323 [200] (1 msec)

# 2014-03-26 23:44:03:839 [HEAD] ("cities")
#
curl -I "http://localhost:9200/cities"

# 2014-03-26 23:44:03:839 [200]

# 2014-03-26 23:44:03:877 [DELETE] ("cities")
#
curl -X DELETE http://localhost:9200/cities

# 2014-03-26 23:44:03:877 [200]

# 2014-03-26 23:44:03:879 [HEAD] ("cities")
#
curl -I "http://localhost:9200/cities"

# 2014-03-26 23:44:03:879 [404]

# 2014-03-26 23:44:03:960 [CREATE] ("cities")
#
curl -X POST http://localhost:9200/cities -d '{"mappings":{"city":{"properties":{"location":{"type":"geo_point","geohash":true},"city_stations":{"type":"string"}}}},"settings":{}}'

# 2014-03-26 23:44:03:961 [200]

# 2014-03-26 23:44:06:304 [_bulk] ("cities")
#
curl -X POST "http://localhost:9200/cities/_bulk" --data-binary '... data omitted ...'

# 2014-03-26 23:44:06:304 [200]

# 2014-03-26 23:44:08:117 [_bulk] ("cities")
#
curl -X POST "http://localhost:9200/cities/_bulk" --data-binary '... data omitted ...'

# 2014-03-26 23:44:08:117 [200]

# 2014-03-26 23:44:09:936 [_bulk] ("cities")
#
curl -X POST "http://localhost:9200/cities/_bulk" --data-binary '... data omitted ...'

# 2014-03-26 23:44:09:936 [200]

# 2014-03-26 23:44:11:727 [_bulk] ("cities")
#
curl -X POST "http://localhost:9200/cities/_bulk" --data-binary '... data omitted ...'

# 2014-03-26 23:44:11:727 [200]

# 2014-03-26 23:44:13:677 [_bulk] ("cities")
#
curl -X POST "http://localhost:9200/cities/_bulk" --data-binary '... data omitted ...'

# 2014-03-26 23:44:13:677 [200]

# 2014-03-26 23:44:15:532 [_bulk] ("cities")
#
curl -X POST "http://localhost:9200/cities/_bulk" --data-binary '... data omitted ...'

# 2014-03-26 23:44:15:532 [200]

# 2014-03-26 23:44:17:304 [_bulk] ("cities")
#
curl -X POST "http://localhost:9200/cities/_bulk" --data-binary '... data omitted ...'

# 2014-03-26 23:44:17:304 [200]

# 2014-03-26 23:44:19:137 [_bulk] ("cities")
#
curl -X POST "http://localhost:9200/cities/_bulk" --data-binary '... data omitted ...'

# 2014-03-26 23:44:19:137 [200]

# 2014-03-26 23:44:20:911 [_bulk] ("cities")
#
curl -X POST "http://localhost:9200/cities/_bulk" --data-binary '... data omitted ...'

# 2014-03-26 23:44:20:911 [200]

# 2014-03-26 23:44:22:819 [_bulk] ("cities")
#
curl -X POST "http://localhost:9200/cities/_bulk" --data-binary '... data omitted ...'

# 2014-03-26 23:44:22:819 [200]

# 2014-03-26 23:44:24:597 [_bulk] ("cities")
#
curl -X POST "http://localhost:9200/cities/_bulk" --data-binary '... data omitted ...'

# 2014-03-26 23:44:24:597 [200]

# 2014-03-26 23:44:26:412 [_bulk] ("cities")
#
curl -X POST "http://localhost:9200/cities/_bulk" --data-binary '... data omitted ...'

# 2014-03-26 23:44:26:412 [200]

# 2014-03-26 23:44:28:197 [_bulk] ("cities")
#
curl -X POST "http://localhost:9200/cities/_bulk" --data-binary '... data omitted ...'

# 2014-03-26 23:44:28:197 [200]

# 2014-03-26 23:44:28:714 [_bulk] ("cities")
#
curl -X POST "http://localhost:9200/cities/_bulk" --data-binary '... data omitted ...'

# 2014-03-26 23:44:28:714 [200]

# 2014-03-26 23:44:32:811 [HEAD] ("cities")
#
curl -I "http://localhost:9200/cities"

# 2014-03-26 23:44:32:811 [200]

# 2014-03-26 23:44:32:941 [_search] (["cities"])
#
curl -X GET 'http://localhost:9200/cities/city/_search?size=10&pretty' -d '{"query":{"match_all":{}},"filter":{"geo_distance":{"distance":"2000m","location":[37.96033,23.71122]}},"size":10}'

# 2014-03-26 23:44:32:941 [200] (12 msec)

# 2014-03-26 23:44:35:397 [_search] (["cities"])
#
curl -X GET 'http://localhost:9200/cities/city/_search?size=10&pretty' -d '{"query":{"match_all":{}},"filter":{"geo_distance":{"distance":"2000m","location":[37.96033,23.71122]}},"size":10}'

# 2014-03-26 23:44:35:397 [200] (1 msec)

# 2014-03-26 23:44:36:693 [_search] (["cities"])
#
curl -X GET 'http://localhost:9200/cities/city/_search?size=10&pretty' -d '{"query":{"match_all":{}},"filter":{"geo_distance":{"distance":"2000m","location":[37.96033,23.71122]}},"size":10}'

# 2014-03-26 23:44:36:693 [200] (1 msec)

# 2014-03-26 23:44:37:375 [_search] (["cities"])
#
curl -X GET 'http://localhost:9200/cities/city/_search?size=10&pretty' -d '{"query":{"match_all":{}},"filter":{"geo_distance":{"distance":"2000m","location":[37.96033,23.71122]}},"size":10}'

# 2014-03-26 23:44:37:375 [200] (0 msec)

# 2014-03-26 23:45:15:167 [HEAD] ("cities")
#
curl -I "http://localhost:9200/cities"

# 2014-03-26 23:45:15:167 [200]

# 2014-03-26 23:45:15:195 [DELETE] ("cities")
#
curl -X DELETE http://localhost:9200/cities

# 2014-03-26 23:45:15:195 [200]

# 2014-03-26 23:45:15:197 [HEAD] ("cities")
#
curl -I "http://localhost:9200/cities"

# 2014-03-26 23:45:15:197 [404]

# 2014-03-26 23:45:15:271 [CREATE] ("cities")
#
curl -X POST http://localhost:9200/cities -d '{"mappings":{"city":{"properties":{"location":{"type":"geo_point","geohash":true},"city_stations":{"type":"string"}}}},"settings":{}}'

# 2014-03-26 23:45:15:271 [200]

# 2014-03-26 23:45:17:622 [_bulk] ("cities")
#
curl -X POST "http://localhost:9200/cities/_bulk" --data-binary '... data omitted ...'

# 2014-03-26 23:45:17:622 [200]

# 2014-03-26 23:45:19:486 [_bulk] ("cities")
#
curl -X POST "http://localhost:9200/cities/_bulk" --data-binary '... data omitted ...'

# 2014-03-26 23:45:19:486 [200]

# 2014-03-26 23:45:21:327 [_bulk] ("cities")
#
curl -X POST "http://localhost:9200/cities/_bulk" --data-binary '... data omitted ...'

# 2014-03-26 23:45:21:327 [200]

# 2014-03-26 23:45:23:167 [_bulk] ("cities")
#
curl -X POST "http://localhost:9200/cities/_bulk" --data-binary '... data omitted ...'

# 2014-03-26 23:45:23:167 [200]

# 2014-03-26 23:45:25:022 [_bulk] ("cities")
#
curl -X POST "http://localhost:9200/cities/_bulk" --data-binary '... data omitted ...'

# 2014-03-26 23:45:25:022 [200]

# 2014-03-26 23:45:26:883 [_bulk] ("cities")
#
curl -X POST "http://localhost:9200/cities/_bulk" --data-binary '... data omitted ...'

# 2014-03-26 23:45:26:883 [200]

# 2014-03-26 23:45:28:745 [_bulk] ("cities")
#
curl -X POST "http://localhost:9200/cities/_bulk" --data-binary '... data omitted ...'

# 2014-03-26 23:45:28:745 [200]

# 2014-03-26 23:45:30:583 [_bulk] ("cities")
#
curl -X POST "http://localhost:9200/cities/_bulk" --data-binary '... data omitted ...'

# 2014-03-26 23:45:30:583 [200]

# 2014-03-26 23:45:32:413 [_bulk] ("cities")
#
curl -X POST "http://localhost:9200/cities/_bulk" --data-binary '... data omitted ...'

# 2014-03-26 23:45:32:413 [200]

# 2014-03-26 23:45:34:301 [_bulk] ("cities")
#
curl -X POST "http://localhost:9200/cities/_bulk" --data-binary '... data omitted ...'

# 2014-03-26 23:45:34:301 [200]

# 2014-03-26 23:45:36:184 [_bulk] ("cities")
#
curl -X POST "http://localhost:9200/cities/_bulk" --data-binary '... data omitted ...'

# 2014-03-26 23:45:36:184 [200]

# 2014-03-26 23:45:38:030 [_bulk] ("cities")
#
curl -X POST "http://localhost:9200/cities/_bulk" --data-binary '... data omitted ...'

# 2014-03-26 23:45:38:030 [200]

# 2014-03-26 23:45:39:895 [_bulk] ("cities")
#
curl -X POST "http://localhost:9200/cities/_bulk" --data-binary '... data omitted ...'

# 2014-03-26 23:45:39:895 [200]

# 2014-03-26 23:45:40:348 [_bulk] ("cities")
#
curl -X POST "http://localhost:9200/cities/_bulk" --data-binary '... data omitted ...'

# 2014-03-26 23:45:40:348 [200]

# 2014-03-26 23:45:45:668 [HEAD] ("cities")
#
curl -I "http://localhost:9200/cities"

# 2014-03-26 23:45:45:668 [200]

# 2014-03-26 23:45:45:770 [_search] (["cities"])
#
curl -X GET 'http://localhost:9200/cities/city/_search?size=10&pretty' -d '{"query":{"match_all":{}},"filter":{"geo_distance":{"distance":"2000m","location":[37.96033,23.71122]}},"size":10}'

# 2014-03-26 23:45:45:770 [200] (9 msec)

# 2014-03-26 23:45:51:934 [_search] (["cities"])
#
curl -X GET 'http://localhost:9200/cities/city/_search?size=10&pretty' -d '{"query":{"match_all":{}},"filter":{"geo_distance":{"distance":"2000m","location":[37.96033,23.71122]}},"size":10}'

# 2014-03-26 23:45:51:934 [200] (2 msec)

# 2014-03-26 23:47:55:340 [HEAD] ("cities")
#
curl -I "http://localhost:9200/cities"

# 2014-03-26 23:47:55:340 [200]

# 2014-03-26 23:47:55:375 [DELETE] ("cities")
#
curl -X DELETE http://localhost:9200/cities

# 2014-03-26 23:47:55:375 [200]

# 2014-03-26 23:47:55:377 [HEAD] ("cities")
#
curl -I "http://localhost:9200/cities"

# 2014-03-26 23:47:55:377 [404]

# 2014-03-26 23:47:55:456 [CREATE] ("cities")
#
curl -X POST http://localhost:9200/cities -d '{"mappings":{"city":{"properties":{"location":{"type":"geo_point","geohash":true},"city_stations":{"type":"string","index":"not_analyzed"}}}},"settings":{}}'

# 2014-03-26 23:47:55:457 [200]

# 2014-03-26 23:47:57:991 [_bulk] ("cities")
#
curl -X POST "http://localhost:9200/cities/_bulk" --data-binary '... data omitted ...'

# 2014-03-26 23:47:57:991 [200]

# 2014-03-26 23:47:59:908 [_bulk] ("cities")
#
curl -X POST "http://localhost:9200/cities/_bulk" --data-binary '... data omitted ...'

# 2014-03-26 23:47:59:908 [200]

# 2014-03-26 23:48:01:782 [_bulk] ("cities")
#
curl -X POST "http://localhost:9200/cities/_bulk" --data-binary '... data omitted ...'

# 2014-03-26 23:48:01:782 [200]

# 2014-03-26 23:48:03:609 [_bulk] ("cities")
#
curl -X POST "http://localhost:9200/cities/_bulk" --data-binary '... data omitted ...'

# 2014-03-26 23:48:03:609 [200]

# 2014-03-26 23:48:05:475 [_bulk] ("cities")
#
curl -X POST "http://localhost:9200/cities/_bulk" --data-binary '... data omitted ...'

# 2014-03-26 23:48:05:475 [200]

# 2014-03-26 23:48:07:309 [_bulk] ("cities")
#
curl -X POST "http://localhost:9200/cities/_bulk" --data-binary '... data omitted ...'

# 2014-03-26 23:48:07:309 [200]

# 2014-03-26 23:48:09:174 [_bulk] ("cities")
#
curl -X POST "http://localhost:9200/cities/_bulk" --data-binary '... data omitted ...'

# 2014-03-26 23:48:09:174 [200]

# 2014-03-26 23:48:10:980 [_bulk] ("cities")
#
curl -X POST "http://localhost:9200/cities/_bulk" --data-binary '... data omitted ...'

# 2014-03-26 23:48:10:980 [200]

# 2014-03-26 23:48:12:793 [_bulk] ("cities")
#
curl -X POST "http://localhost:9200/cities/_bulk" --data-binary '... data omitted ...'

# 2014-03-26 23:48:12:793 [200]

# 2014-03-26 23:48:14:640 [_bulk] ("cities")
#
curl -X POST "http://localhost:9200/cities/_bulk" --data-binary '... data omitted ...'

# 2014-03-26 23:48:14:640 [200]

# 2014-03-26 23:48:16:495 [_bulk] ("cities")
#
curl -X POST "http://localhost:9200/cities/_bulk" --data-binary '... data omitted ...'

# 2014-03-26 23:48:16:495 [200]

# 2014-03-26 23:48:18:305 [_bulk] ("cities")
#
curl -X POST "http://localhost:9200/cities/_bulk" --data-binary '... data omitted ...'

# 2014-03-26 23:48:18:305 [200]

# 2014-03-26 23:48:20:162 [_bulk] ("cities")
#
curl -X POST "http://localhost:9200/cities/_bulk" --data-binary '... data omitted ...'

# 2014-03-26 23:48:20:162 [200]

# 2014-03-26 23:48:20:613 [_bulk] ("cities")
#
curl -X POST "http://localhost:9200/cities/_bulk" --data-binary '... data omitted ...'

# 2014-03-26 23:48:20:613 [200]

# 2014-03-26 23:48:29:739 [HEAD] ("cities")
#
curl -I "http://localhost:9200/cities"

# 2014-03-26 23:48:29:739 [200]

# 2014-03-26 23:48:29:767 [DELETE] ("cities")
#
curl -X DELETE http://localhost:9200/cities

# 2014-03-26 23:48:29:767 [200]

# 2014-03-26 23:48:29:769 [HEAD] ("cities")
#
curl -I "http://localhost:9200/cities"

# 2014-03-26 23:48:29:769 [404]

# 2014-03-26 23:48:29:844 [CREATE] ("cities")
#
curl -X POST http://localhost:9200/cities -d '{"mappings":{"city":{"properties":{"location":{"type":"geo_point","geohash":true},"city_stations":{"type":"string","index":"not_analyzed"}}}},"settings":{}}'

# 2014-03-26 23:48:29:844 [200]

# 2014-03-26 23:48:32:272 [_bulk] ("cities")
#
curl -X POST "http://localhost:9200/cities/_bulk" --data-binary '... data omitted ...'

# 2014-03-26 23:48:32:272 [200]

# 2014-03-26 23:48:34:168 [_bulk] ("cities")
#
curl -X POST "http://localhost:9200/cities/_bulk" --data-binary '... data omitted ...'

# 2014-03-26 23:48:34:168 [200]

# 2014-03-26 23:48:36:074 [_bulk] ("cities")
#
curl -X POST "http://localhost:9200/cities/_bulk" --data-binary '... data omitted ...'

# 2014-03-26 23:48:36:074 [200]

# 2014-03-26 23:48:37:977 [_bulk] ("cities")
#
curl -X POST "http://localhost:9200/cities/_bulk" --data-binary '... data omitted ...'

# 2014-03-26 23:48:37:977 [200]

# 2014-03-26 23:48:39:867 [_bulk] ("cities")
#
curl -X POST "http://localhost:9200/cities/_bulk" --data-binary '... data omitted ...'

# 2014-03-26 23:48:39:867 [200]

# 2014-03-26 23:48:41:774 [_bulk] ("cities")
#
curl -X POST "http://localhost:9200/cities/_bulk" --data-binary '... data omitted ...'

# 2014-03-26 23:48:41:775 [200]

# 2014-03-26 23:48:43:685 [_bulk] ("cities")
#
curl -X POST "http://localhost:9200/cities/_bulk" --data-binary '... data omitted ...'

# 2014-03-26 23:48:43:685 [200]

# 2014-03-26 23:48:45:548 [_bulk] ("cities")
#
curl -X POST "http://localhost:9200/cities/_bulk" --data-binary '... data omitted ...'

# 2014-03-26 23:48:45:548 [200]

# 2014-03-26 23:48:47:420 [_bulk] ("cities")
#
curl -X POST "http://localhost:9200/cities/_bulk" --data-binary '... data omitted ...'

# 2014-03-26 23:48:47:420 [200]

# 2014-03-26 23:48:49:331 [_bulk] ("cities")
#
curl -X POST "http://localhost:9200/cities/_bulk" --data-binary '... data omitted ...'

# 2014-03-26 23:48:49:331 [200]

# 2014-03-26 23:48:51:267 [_bulk] ("cities")
#
curl -X POST "http://localhost:9200/cities/_bulk" --data-binary '... data omitted ...'

# 2014-03-26 23:48:51:267 [200]

# 2014-03-26 23:48:53:155 [_bulk] ("cities")
#
curl -X POST "http://localhost:9200/cities/_bulk" --data-binary '... data omitted ...'

# 2014-03-26 23:48:53:155 [200]

# 2014-03-26 23:48:55:078 [_bulk] ("cities")
#
curl -X POST "http://localhost:9200/cities/_bulk" --data-binary '... data omitted ...'

# 2014-03-26 23:48:55:078 [200]

# 2014-03-26 23:48:55:551 [_bulk] ("cities")
#
curl -X POST "http://localhost:9200/cities/_bulk" --data-binary '... data omitted ...'

# 2014-03-26 23:48:55:551 [200]

# 2014-03-27 00:05:43:962 [HEAD] ("cities")
#
curl -I "http://localhost:9200/cities"

# 2014-03-27 00:05:43:962 [200]

# 2014-03-27 00:05:44:075 [_search] (["cities"])
#
curl -X GET 'http://localhost:9200/cities/city/_search?size=10&pretty' -d '{"query":{"match_all":{}},"filter":{"geo_distance":{"distance":"2000m","location":[37.96033,23.71122]}},"size":10}'

# 2014-03-27 00:05:44:075 [200] (3 msec)

# 2014-03-27 00:05:44:167 [_search] (["cities"])
#
curl -X GET 'http://localhost:9200/cities/city/_search?size=10&pretty' -d '{"query":{"match_all":{}},"filter":{"geo_distance":{"distance":"2000m","location":[37.96033,23.71122]}},"size":10}'

# 2014-03-27 00:05:44:167 [200] (1 msec)

# 2014-03-27 00:05:46:781 [_search] (["cities"])
#
curl -X GET 'http://localhost:9200/cities/city/_search?size=10&pretty' -d '{"query":{"match_all":{}},"filter":{"geo_distance":{"distance":"2000m","location":[37.96033,23.71122]}},"size":10}'

# 2014-03-27 00:05:46:781 [200] (1 msec)

# 2014-03-27 00:05:47:712 [_search] (["cities"])
#
curl -X GET 'http://localhost:9200/cities/city/_search?size=10&pretty' -d '{"query":{"match_all":{}},"filter":{"geo_distance":{"distance":"2000m","location":[37.96033,23.71122]}},"size":10}'

# 2014-03-27 00:05:47:712 [200] (0 msec)

# 2014-03-27 00:05:48:391 [_search] (["cities"])
#
curl -X GET 'http://localhost:9200/cities/city/_search?size=10&pretty' -d '{"query":{"match_all":{}},"filter":{"geo_distance":{"distance":"2000m","location":[37.96033,23.71122]}},"size":10}'

# 2014-03-27 00:05:48:391 [200] (0 msec)

# 2014-03-27 00:05:48:976 [_search] (["cities"])
#
curl -X GET 'http://localhost:9200/cities/city/_search?size=10&pretty' -d '{"query":{"match_all":{}},"filter":{"geo_distance":{"distance":"2000m","location":[37.96033,23.71122]}},"size":10}'

# 2014-03-27 00:05:48:976 [200] (0 msec)

# 2014-03-27 00:05:50:056 [_search] (["cities"])
#
curl -X GET 'http://localhost:9200/cities/city/_search?size=10&pretty' -d '{"query":{"match_all":{}},"filter":{"geo_distance":{"distance":"2000m","location":[37.96033,23.71122]}},"size":10}'

# 2014-03-27 00:05:50:056 [200] (0 msec)

# 2014-03-27 00:05:50:886 [_search] (["cities"])
#
curl -X GET 'http://localhost:9200/cities/city/_search?size=10&pretty' -d '{"query":{"match_all":{}},"filter":{"geo_distance":{"distance":"2000m","location":[37.96033,23.71122]}},"size":10}'

# 2014-03-27 00:05:50:886 [200] (1 msec)

# 2014-03-27 00:06:15:235 [HEAD] ("cities")
#
curl -I "http://localhost:9200/cities"

# 2014-03-27 00:06:15:235 [200]

# 2014-03-27 00:06:15:334 [_search] (["cities"])
#
curl -X GET 'http://localhost:9200/cities/city/_search?size=10&pretty' -d '{"query":{"match_all":{}},"filter":{"geo_distance":{"distance":"3000m","location":[37.96033,23.71122]}},"size":10}'

# 2014-03-27 00:06:15:335 [200] (1 msec)

# 2014-03-27 00:06:16:283 [_search] (["cities"])
#
curl -X GET 'http://localhost:9200/cities/city/_search?size=10&pretty' -d '{"query":{"match_all":{}},"filter":{"geo_distance":{"distance":"3000m","location":[37.96033,23.71122]}},"size":10}'

# 2014-03-27 00:06:16:283 [200] (1 msec)

# 2014-03-27 00:06:17:042 [_search] (["cities"])
#
curl -X GET 'http://localhost:9200/cities/city/_search?size=10&pretty' -d '{"query":{"match_all":{}},"filter":{"geo_distance":{"distance":"3000m","location":[37.96033,23.71122]}},"size":10}'

# 2014-03-27 00:06:17:042 [200] (0 msec)

# 2014-03-27 00:06:17:764 [_search] (["cities"])
#
curl -X GET 'http://localhost:9200/cities/city/_search?size=10&pretty' -d '{"query":{"match_all":{}},"filter":{"geo_distance":{"distance":"3000m","location":[37.96033,23.71122]}},"size":10}'

# 2014-03-27 00:06:17:764 [200] (1 msec)

# 2014-03-27 00:07:44:949 [HEAD] ("cities")
#
curl -I "http://localhost:9200/cities"

# 2014-03-27 00:07:44:949 [200]

# 2014-03-27 00:07:45:050 [_search] (["cities"])
#
curl -X GET 'http://localhost:9200/cities/city/_search?size=10&pretty' -d '{"query":{"match_all":{}},"filter":{"geo_distance":{"distance":"2000m","location":[37.96033,23.71122]}},"size":10}'

# 2014-03-27 00:07:45:050 [200] (9 msec)

# 2014-03-27 00:10:16:184 [HEAD] ("cities")
#
curl -I "http://localhost:9200/cities"

# 2014-03-27 00:10:16:184 [200]

# 2014-03-27 00:10:16:290 [_search] (["cities"])
#
curl -X GET 'http://localhost:9200/cities/city/_search?size=10&pretty' -d '{"query":{"match_all":{}},"filter":{"geo_distance":{"distance":"2000m","location":[37.96033,23.71122]}},"size":10}'

# 2014-03-27 00:10:16:291 [200] (7 msec)

# 2014-03-27 00:28:01:951 [HEAD] ("cities")
#
curl -I "http://localhost:9200/cities"

# 2014-03-27 00:28:01:951 [200]

# 2014-03-27 00:28:02:094 [_search] (["cities"])
#
curl -X GET 'http://localhost:9200/cities/city/_search?size=10&pretty' -d '{"query":{"match_all":{}},"filter":{"geo_distance":{"distance":"2000m","location":[37.96033,23.71122]}},"size":10}'

# 2014-03-27 00:28:02:095 [200] (7 msec)

